<?xml version="1.0" encoding="UTF-8"?>
<!-- Generated by org.testng.reporters.JUnitXMLReporter -->
<testsuite ignored="0" hostname="LAPTOP-CD8JOBST" failures="0" tests="3" name="Default test" time="0.132" errors="0" timestamp="2022-06-04T23:06:03 IST">
  <testcase classname="com.vtiger.Generic.BaseTest" name="TholiPrema" time="0.012"/>
  <testcase classname="com.vtiger.Generic.BaseTest" name="Srikanth" time="0.014"/>
  <testcase classname="com.vtiger.Generic.BaseTest" name="PawanKalyan" time="0.004"/>
</testsuite> <!-- Default test -->
