<?xml version="1.0" encoding="UTF-8"?>
<testng-results ignored="0" total="3" passed="3" failed="0" skipped="0">
  <reporter-output>
  </reporter-output>
  <suite started-at="2022-06-04T23:06:03 IST" name="Default suite" finished-at="2022-06-04T23:06:03 IST" duration-ms="132">
    <groups>
    </groups>
    <test started-at="2022-06-04T23:06:03 IST" name="Default test" finished-at="2022-06-04T23:06:03 IST" duration-ms="132">
      <class name="com.vtiger.Generic.BaseTest">
        <test-method is-config="true" signature="America()[pri:0, instance:com.vtiger.Generic.BaseTest@3f6f6701]" started-at="2022-06-04T23:06:03 IST" name="America" finished-at="2022-06-04T23:06:03 IST" duration-ms="16" status="PASS">
          <reporter-output>
          </reporter-output>
        </test-method> <!-- America -->
        <test-method is-config="true" signature="Tippu_Sultan()[pri:0, instance:com.vtiger.Generic.BaseTest@3f6f6701]" started-at="2022-06-04T23:06:03 IST" name="Tippu_Sultan" finished-at="2022-06-04T23:06:03 IST" duration-ms="3" status="PASS">
          <reporter-output>
          </reporter-output>
        </test-method> <!-- Tippu_Sultan -->
        <test-method is-config="true" signature="Captain()[pri:0, instance:com.vtiger.Generic.BaseTest@3f6f6701]" started-at="2022-06-04T23:06:03 IST" name="Captain" finished-at="2022-06-04T23:06:03 IST" duration-ms="0" status="PASS">
          <reporter-output>
          </reporter-output>
        </test-method> <!-- Captain -->
        <test-method is-config="true" signature="MegaStar()[pri:0, instance:com.vtiger.Generic.BaseTest@3f6f6701]" started-at="2022-06-04T23:06:03 IST" name="MegaStar" finished-at="2022-06-04T23:06:03 IST" duration-ms="1" status="PASS">
          <reporter-output>
          </reporter-output>
        </test-method> <!-- MegaStar -->
        <test-method signature="TholiPrema()[pri:0, instance:com.vtiger.Generic.BaseTest@3f6f6701]" started-at="2022-06-04T23:06:03 IST" name="TholiPrema" finished-at="2022-06-04T23:06:03 IST" duration-ms="12" status="PASS">
          <reporter-output>
          </reporter-output>
        </test-method> <!-- TholiPrema -->
        <test-method is-config="true" signature="Kushi()[pri:0, instance:com.vtiger.Generic.BaseTest@3f6f6701]" started-at="2022-06-04T23:06:03 IST" name="Kushi" finished-at="2022-06-04T23:06:03 IST" duration-ms="0" status="PASS">
          <reporter-output>
          </reporter-output>
        </test-method> <!-- Kushi -->
        <test-method is-config="true" signature="MegaStar()[pri:0, instance:com.vtiger.Generic.BaseTest@3f6f6701]" started-at="2022-06-04T23:06:03 IST" name="MegaStar" finished-at="2022-06-04T23:06:03 IST" duration-ms="1" status="PASS">
          <reporter-output>
          </reporter-output>
        </test-method> <!-- MegaStar -->
        <test-method signature="Srikanth()[pri:1, instance:com.vtiger.Generic.BaseTest@3f6f6701]" started-at="2022-06-04T23:06:03 IST" name="Srikanth" finished-at="2022-06-04T23:06:03 IST" duration-ms="14" status="PASS">
          <reporter-output>
          </reporter-output>
        </test-method> <!-- Srikanth -->
        <test-method is-config="true" signature="Kushi()[pri:0, instance:com.vtiger.Generic.BaseTest@3f6f6701]" started-at="2022-06-04T23:06:03 IST" name="Kushi" finished-at="2022-06-04T23:06:03 IST" duration-ms="0" status="PASS">
          <reporter-output>
          </reporter-output>
        </test-method> <!-- Kushi -->
        <test-method is-config="true" signature="MegaStar()[pri:0, instance:com.vtiger.Generic.BaseTest@3f6f6701]" started-at="2022-06-04T23:06:03 IST" name="MegaStar" finished-at="2022-06-04T23:06:03 IST" duration-ms="2" status="PASS">
          <reporter-output>
          </reporter-output>
        </test-method> <!-- MegaStar -->
        <test-method signature="PawanKalyan()[pri:2, instance:com.vtiger.Generic.BaseTest@3f6f6701]" started-at="2022-06-04T23:06:03 IST" name="PawanKalyan" finished-at="2022-06-04T23:06:03 IST" duration-ms="4" status="PASS">
          <reporter-output>
          </reporter-output>
        </test-method> <!-- PawanKalyan -->
        <test-method is-config="true" signature="Kushi()[pri:0, instance:com.vtiger.Generic.BaseTest@3f6f6701]" started-at="2022-06-04T23:06:03 IST" name="Kushi" finished-at="2022-06-04T23:06:03 IST" duration-ms="1" status="PASS">
          <reporter-output>
          </reporter-output>
        </test-method> <!-- Kushi -->
        <test-method is-config="true" signature="Cap()[pri:0, instance:com.vtiger.Generic.BaseTest@3f6f6701]" started-at="2022-06-04T23:06:03 IST" name="Cap" finished-at="2022-06-04T23:06:03 IST" duration-ms="0" status="PASS">
          <reporter-output>
          </reporter-output>
        </test-method> <!-- Cap -->
        <test-method is-config="true" signature="Tip()[pri:0, instance:com.vtiger.Generic.BaseTest@3f6f6701]" started-at="2022-06-04T23:06:03 IST" name="Tip" finished-at="2022-06-04T23:06:03 IST" duration-ms="0" status="PASS">
          <reporter-output>
          </reporter-output>
        </test-method> <!-- Tip -->
        <test-method is-config="true" signature="Americ()[pri:0, instance:com.vtiger.Generic.BaseTest@3f6f6701]" started-at="2022-06-04T23:06:03 IST" name="Americ" finished-at="2022-06-04T23:06:03 IST" duration-ms="4" status="PASS">
          <reporter-output>
          </reporter-output>
        </test-method> <!-- Americ -->
      </class> <!-- com.vtiger.Generic.BaseTest -->
    </test> <!-- Default test -->
  </suite> <!-- Default suite -->
</testng-results>
